srun: Job 1727083 step creation temporarily disabled, retrying (Requested nodes are busy)
srun: Job 1727083 step creation temporarily disabled, retrying (Requested nodes are busy)
srun: Job 1727083 step creation temporarily disabled, retrying (Requested nodes are busy)
srun: Job 1727083 step creation temporarily disabled, retrying (Requested nodes are busy)
srun: Job 1727083 step creation temporarily disabled, retrying (Requested nodes are busy)
srun: Job 1727083 step creation temporarily disabled, retrying (Requested nodes are busy)
srun: Step created for StepId=1727083.34
srun: Job 1727083 step creation still disabled, retrying (Requested nodes are busy)
srun: Job 1727083 step creation still disabled, retrying (Requested nodes are busy)
srun: Job 1727083 step creation still disabled, retrying (Requested nodes are busy)
srun: Job 1727083 step creation still disabled, retrying (Requested nodes are busy)
srun: Job 1727083 step creation still disabled, retrying (Requested nodes are busy)
srun: Step created for StepId=1727083.35
srun: Job 1727083 step creation still disabled, retrying (Requested nodes are busy)
srun: Job 1727083 step creation still disabled, retrying (Requested nodes are busy)
srun: Job 1727083 step creation still disabled, retrying (Requested nodes are busy)
srun: Job 1727083 step creation still disabled, retrying (Requested nodes are busy)
srun: Step created for StepId=1727083.36
srun: Job 1727083 step creation still disabled, retrying (Requested nodes are busy)
srun: Job 1727083 step creation still disabled, retrying (Requested nodes are busy)
srun: Job 1727083 step creation still disabled, retrying (Requested nodes are busy)
srun: Step created for StepId=1727083.37
srun: Job 1727083 step creation still disabled, retrying (Requested nodes are busy)
srun: Job 1727083 step creation still disabled, retrying (Requested nodes are busy)
srun: Step created for StepId=1727083.38
srun: Job 1727083 step creation still disabled, retrying (Requested nodes are busy)
srun: Step created for StepId=1727083.39
srun: Job 1727083 step creation temporarily disabled, retrying (Requested nodes are busy)
srun: Job 1727083 step creation temporarily disabled, retrying (Requested nodes are busy)
srun: Job 1727083 step creation temporarily disabled, retrying (Requested nodes are busy)
srun: Job 1727083 step creation temporarily disabled, retrying (Requested nodes are busy)
srun: Job 1727083 step creation temporarily disabled, retrying (Requested nodes are busy)
srun: Job 1727083 step creation temporarily disabled, retrying (Requested nodes are busy)
srun: Job 1727083 step creation still disabled, retrying (Requested nodes are busy)
srun: Job 1727083 step creation still disabled, retrying (Requested nodes are busy)
srun: Job 1727083 step creation still disabled, retrying (Requested nodes are busy)
srun: Job 1727083 step creation still disabled, retrying (Requested nodes are busy)
srun: Job 1727083 step creation still disabled, retrying (Requested nodes are busy)
srun: Job 1727083 step creation still disabled, retrying (Requested nodes are busy)
srun: Job 1727083 step creation still disabled, retrying (Requested nodes are busy)
srun: Job 1727083 step creation still disabled, retrying (Requested nodes are busy)
srun: Job 1727083 step creation still disabled, retrying (Requested nodes are busy)
srun: Job 1727083 step creation still disabled, retrying (Requested nodes are busy)
srun: Job 1727083 step creation still disabled, retrying (Requested nodes are busy)
srun: Job 1727083 step creation still disabled, retrying (Requested nodes are busy)
srun: Job 1727083 step creation still disabled, retrying (Requested nodes are busy)
srun: Job 1727083 step creation still disabled, retrying (Requested nodes are busy)
srun: Job 1727083 step creation still disabled, retrying (Requested nodes are busy)
srun: Job 1727083 step creation still disabled, retrying (Requested nodes are busy)
srun: Job 1727083 step creation still disabled, retrying (Requested nodes are busy)
srun: Job 1727083 step creation still disabled, retrying (Requested nodes are busy)
srun: Job 1727083 step creation still disabled, retrying (Requested nodes are busy)
srun: Job 1727083 step creation still disabled, retrying (Requested nodes are busy)
srun: Job 1727083 step creation still disabled, retrying (Requested nodes are busy)
srun: Job 1727083 step creation still disabled, retrying (Requested nodes are busy)
srun: Job 1727083 step creation still disabled, retrying (Requested nodes are busy)
srun: Job 1727083 step creation still disabled, retrying (Requested nodes are busy)
srun: Job 1727083 step creation still disabled, retrying (Requested nodes are busy)
srun: Step created for StepId=1727083.44
srun: Job 1727083 step creation still disabled, retrying (Requested nodes are busy)
srun: Job 1727083 step creation still disabled, retrying (Requested nodes are busy)
srun: Job 1727083 step creation still disabled, retrying (Requested nodes are busy)
srun: Job 1727083 step creation still disabled, retrying (Requested nodes are busy)
srun: Job 1727083 step creation still disabled, retrying (Requested nodes are busy)
srun: Job 1727083 step creation still disabled, retrying (Requested nodes are busy)
srun: Job 1727083 step creation still disabled, retrying (Requested nodes are busy)
srun: Job 1727083 step creation still disabled, retrying (Requested nodes are busy)
srun: Job 1727083 step creation still disabled, retrying (Requested nodes are busy)
srun: Step created for StepId=1727083.45
srun: Job 1727083 step creation still disabled, retrying (Requested nodes are busy)
srun: Job 1727083 step creation still disabled, retrying (Requested nodes are busy)
srun: Job 1727083 step creation still disabled, retrying (Requested nodes are busy)
srun: Job 1727083 step creation still disabled, retrying (Requested nodes are busy)
srun: Job 1727083 step creation still disabled, retrying (Requested nodes are busy)
srun: Job 1727083 step creation still disabled, retrying (Requested nodes are busy)
srun: Job 1727083 step creation still disabled, retrying (Requested nodes are busy)
srun: Job 1727083 step creation still disabled, retrying (Requested nodes are busy)
srun: Job 1727083 step creation still disabled, retrying (Requested nodes are busy)
srun: Step created for StepId=1727083.46
srun: Job 1727083 step creation still disabled, retrying (Requested nodes are busy)
srun: Job 1727083 step creation still disabled, retrying (Requested nodes are busy)
srun: Job 1727083 step creation still disabled, retrying (Requested nodes are busy)
srun: Job 1727083 step creation still disabled, retrying (Requested nodes are busy)
srun: Job 1727083 step creation still disabled, retrying (Requested nodes are busy)
srun: Job 1727083 step creation still disabled, retrying (Requested nodes are busy)
srun: Job 1727083 step creation still disabled, retrying (Requested nodes are busy)
srun: Job 1727083 step creation still disabled, retrying (Requested nodes are busy)
srun: Job 1727083 step creation still disabled, retrying (Requested nodes are busy)
srun: Step created for StepId=1727083.47
srun: Job 1727083 step creation still disabled, retrying (Requested nodes are busy)
srun: Job 1727083 step creation still disabled, retrying (Requested nodes are busy)
srun: Job 1727083 step creation still disabled, retrying (Requested nodes are busy)
srun: Job 1727083 step creation still disabled, retrying (Requested nodes are busy)
srun: Job 1727083 step creation still disabled, retrying (Requested nodes are busy)
srun: Job 1727083 step creation still disabled, retrying (Requested nodes are busy)
srun: Step created for StepId=1727083.48
srun: Job 1727083 step creation still disabled, retrying (Requested nodes are busy)
srun: Job 1727083 step creation still disabled, retrying (Requested nodes are busy)
srun: Job 1727083 step creation still disabled, retrying (Requested nodes are busy)
srun: Step created for StepId=1727083.49
srun: Job 1727083 step creation temporarily disabled, retrying (Requested nodes are busy)
srun: Job 1727083 step creation temporarily disabled, retrying (Requested nodes are busy)
srun: Job 1727083 step creation temporarily disabled, retrying (Requested nodes are busy)
srun: Job 1727083 step creation temporarily disabled, retrying (Requested nodes are busy)
srun: Job 1727083 step creation temporarily disabled, retrying (Requested nodes are busy)
srun: Job 1727083 step creation temporarily disabled, retrying (Requested nodes are busy)
srun: Job 1727083 step creation still disabled, retrying (Requested nodes are busy)
srun: Job 1727083 step creation still disabled, retrying (Requested nodes are busy)
srun: Job 1727083 step creation still disabled, retrying (Requested nodes are busy)
srun: Job 1727083 step creation still disabled, retrying (Requested nodes are busy)
srun: Job 1727083 step creation still disabled, retrying (Requested nodes are busy)
srun: Job 1727083 step creation still disabled, retrying (Requested nodes are busy)
srun: Job 1727083 step creation still disabled, retrying (Requested nodes are busy)
srun: Job 1727083 step creation still disabled, retrying (Requested nodes are busy)
srun: Job 1727083 step creation still disabled, retrying (Requested nodes are busy)
srun: Job 1727083 step creation still disabled, retrying (Requested nodes are busy)
srun: Job 1727083 step creation still disabled, retrying (Requested nodes are busy)
srun: Job 1727083 step creation still disabled, retrying (Requested nodes are busy)
srun: Job 1727083 step creation still disabled, retrying (Requested nodes are busy)
srun: Job 1727083 step creation still disabled, retrying (Requested nodes are busy)
srun: Job 1727083 step creation still disabled, retrying (Requested nodes are busy)
srun: Job 1727083 step creation still disabled, retrying (Requested nodes are busy)
srun: Job 1727083 step creation still disabled, retrying (Requested nodes are busy)
srun: Job 1727083 step creation still disabled, retrying (Requested nodes are busy)
srun: Job 1727083 step creation still disabled, retrying (Requested nodes are busy)
srun: Job 1727083 step creation still disabled, retrying (Requested nodes are busy)
srun: Job 1727083 step creation still disabled, retrying (Requested nodes are busy)
srun: Job 1727083 step creation still disabled, retrying (Requested nodes are busy)
srun: Job 1727083 step creation still disabled, retrying (Requested nodes are busy)
srun: Job 1727083 step creation still disabled, retrying (Requested nodes are busy)
srun: Job 1727083 step creation still disabled, retrying (Requested nodes are busy)
srun: Job 1727083 step creation still disabled, retrying (Requested nodes are busy)
srun: Job 1727083 step creation still disabled, retrying (Requested nodes are busy)
srun: Job 1727083 step creation still disabled, retrying (Requested nodes are busy)
srun: Job 1727083 step creation still disabled, retrying (Requested nodes are busy)
srun: Job 1727083 step creation still disabled, retrying (Requested nodes are busy)
srun: Job 1727083 step creation still disabled, retrying (Requested nodes are busy)
srun: Job 1727083 step creation still disabled, retrying (Requested nodes are busy)
srun: Job 1727083 step creation still disabled, retrying (Requested nodes are busy)
srun: Job 1727083 step creation still disabled, retrying (Requested nodes are busy)
srun: Job 1727083 step creation still disabled, retrying (Requested nodes are busy)
srun: Job 1727083 step creation still disabled, retrying (Requested nodes are busy)
srun: Job 1727083 step creation still disabled, retrying (Requested nodes are busy)
srun: Job 1727083 step creation still disabled, retrying (Requested nodes are busy)
srun: Job 1727083 step creation still disabled, retrying (Requested nodes are busy)
srun: Job 1727083 step creation still disabled, retrying (Requested nodes are busy)
srun: Job 1727083 step creation still disabled, retrying (Requested nodes are busy)
srun: Job 1727083 step creation still disabled, retrying (Requested nodes are busy)
srun: Job 1727083 step creation still disabled, retrying (Requested nodes are busy)
srun: Job 1727083 step creation still disabled, retrying (Requested nodes are busy)
srun: Job 1727083 step creation still disabled, retrying (Requested nodes are busy)
srun: Job 1727083 step creation still disabled, retrying (Requested nodes are busy)
srun: Job 1727083 step creation still disabled, retrying (Requested nodes are busy)
srun: Job 1727083 step creation still disabled, retrying (Requested nodes are busy)
srun: Job 1727083 step creation still disabled, retrying (Requested nodes are busy)
srun: Job 1727083 step creation still disabled, retrying (Requested nodes are busy)
srun: Job 1727083 step creation still disabled, retrying (Requested nodes are busy)
srun: Job 1727083 step creation still disabled, retrying (Requested nodes are busy)
srun: Job 1727083 step creation still disabled, retrying (Requested nodes are busy)
srun: Job 1727083 step creation still disabled, retrying (Requested nodes are busy)
srun: Job 1727083 step creation still disabled, retrying (Requested nodes are busy)
srun: Job 1727083 step creation still disabled, retrying (Requested nodes are busy)
srun: Job 1727083 step creation still disabled, retrying (Requested nodes are busy)
srun: Job 1727083 step creation still disabled, retrying (Requested nodes are busy)
srun: Job 1727083 step creation still disabled, retrying (Requested nodes are busy)
srun: Job 1727083 step creation still disabled, retrying (Requested nodes are busy)
srun: Job 1727083 step creation still disabled, retrying (Requested nodes are busy)
srun: Job 1727083 step creation still disabled, retrying (Requested nodes are busy)
srun: Job 1727083 step creation still disabled, retrying (Requested nodes are busy)
srun: Job 1727083 step creation still disabled, retrying (Requested nodes are busy)
srun: Job 1727083 step creation still disabled, retrying (Requested nodes are busy)
srun: Job 1727083 step creation still disabled, retrying (Requested nodes are busy)
srun: Job 1727083 step creation still disabled, retrying (Requested nodes are busy)
srun: Job 1727083 step creation still disabled, retrying (Requested nodes are busy)
srun: Job 1727083 step creation still disabled, retrying (Requested nodes are busy)
srun: Job 1727083 step creation still disabled, retrying (Requested nodes are busy)
srun: Job 1727083 step creation still disabled, retrying (Requested nodes are busy)
srun: Job 1727083 step creation still disabled, retrying (Requested nodes are busy)
srun: Job 1727083 step creation still disabled, retrying (Requested nodes are busy)
srun: Job 1727083 step creation still disabled, retrying (Requested nodes are busy)
srun: Job 1727083 step creation still disabled, retrying (Requested nodes are busy)
srun: Job 1727083 step creation still disabled, retrying (Requested nodes are busy)
srun: Job 1727083 step creation still disabled, retrying (Requested nodes are busy)
srun: Job 1727083 step creation still disabled, retrying (Requested nodes are busy)
srun: Job 1727083 step creation still disabled, retrying (Requested nodes are busy)
srun: Job 1727083 step creation still disabled, retrying (Requested nodes are busy)
srun: Job 1727083 step creation still disabled, retrying (Requested nodes are busy)
srun: Job 1727083 step creation still disabled, retrying (Requested nodes are busy)
srun: Job 1727083 step creation still disabled, retrying (Requested nodes are busy)
srun: Job 1727083 step creation still disabled, retrying (Requested nodes are busy)
srun: Job 1727083 step creation still disabled, retrying (Requested nodes are busy)
srun: Job 1727083 step creation still disabled, retrying (Requested nodes are busy)
srun: Job 1727083 step creation still disabled, retrying (Requested nodes are busy)
srun: Job 1727083 step creation still disabled, retrying (Requested nodes are busy)
srun: Job 1727083 step creation still disabled, retrying (Requested nodes are busy)
srun: Job 1727083 step creation still disabled, retrying (Requested nodes are busy)
srun: Job 1727083 step creation still disabled, retrying (Requested nodes are busy)
srun: Job 1727083 step creation still disabled, retrying (Requested nodes are busy)
srun: Job 1727083 step creation still disabled, retrying (Requested nodes are busy)
srun: Job 1727083 step creation still disabled, retrying (Requested nodes are busy)
srun: Job 1727083 step creation still disabled, retrying (Requested nodes are busy)
srun: Job 1727083 step creation still disabled, retrying (Requested nodes are busy)
srun: Job 1727083 step creation still disabled, retrying (Requested nodes are busy)
srun: Job 1727083 step creation still disabled, retrying (Requested nodes are busy)
srun: Job 1727083 step creation still disabled, retrying (Requested nodes are busy)
srun: Job 1727083 step creation still disabled, retrying (Requested nodes are busy)
srun: Job 1727083 step creation still disabled, retrying (Requested nodes are busy)
srun: Job 1727083 step creation still disabled, retrying (Requested nodes are busy)
srun: Job 1727083 step creation still disabled, retrying (Requested nodes are busy)
srun: Job 1727083 step creation still disabled, retrying (Requested nodes are busy)
srun: Job 1727083 step creation still disabled, retrying (Requested nodes are busy)
srun: Job 1727083 step creation still disabled, retrying (Requested nodes are busy)
srun: Job 1727083 step creation still disabled, retrying (Requested nodes are busy)
srun: Job 1727083 step creation still disabled, retrying (Requested nodes are busy)
srun: Job 1727083 step creation still disabled, retrying (Requested nodes are busy)
srun: Job 1727083 step creation still disabled, retrying (Requested nodes are busy)
srun: Job 1727083 step creation still disabled, retrying (Requested nodes are busy)
srun: Job 1727083 step creation still disabled, retrying (Requested nodes are busy)
srun: Job 1727083 step creation still disabled, retrying (Requested nodes are busy)
srun: Job 1727083 step creation still disabled, retrying (Requested nodes are busy)
srun: Job 1727083 step creation still disabled, retrying (Requested nodes are busy)
srun: Job 1727083 step creation still disabled, retrying (Requested nodes are busy)
srun: Job 1727083 step creation still disabled, retrying (Requested nodes are busy)
srun: Job 1727083 step creation still disabled, retrying (Requested nodes are busy)
srun: Job 1727083 step creation still disabled, retrying (Requested nodes are busy)
srun: Job 1727083 step creation still disabled, retrying (Requested nodes are busy)
srun: Job 1727083 step creation still disabled, retrying (Requested nodes are busy)
srun: Job 1727083 step creation still disabled, retrying (Requested nodes are busy)
srun: Job 1727083 step creation still disabled, retrying (Requested nodes are busy)
srun: Job 1727083 step creation still disabled, retrying (Requested nodes are busy)
srun: Job 1727083 step creation still disabled, retrying (Requested nodes are busy)
srun: Job 1727083 step creation still disabled, retrying (Requested nodes are busy)
srun: Job 1727083 step creation still disabled, retrying (Requested nodes are busy)
srun: Job 1727083 step creation still disabled, retrying (Requested nodes are busy)
srun: Job 1727083 step creation still disabled, retrying (Requested nodes are busy)
srun: Job 1727083 step creation still disabled, retrying (Requested nodes are busy)
srun: Job 1727083 step creation still disabled, retrying (Requested nodes are busy)
srun: Job 1727083 step creation still disabled, retrying (Requested nodes are busy)
srun: Job 1727083 step creation still disabled, retrying (Requested nodes are busy)
srun: Job 1727083 step creation still disabled, retrying (Requested nodes are busy)
srun: Job 1727083 step creation still disabled, retrying (Requested nodes are busy)
srun: Job 1727083 step creation still disabled, retrying (Requested nodes are busy)
srun: Job 1727083 step creation still disabled, retrying (Requested nodes are busy)
srun: Job 1727083 step creation still disabled, retrying (Requested nodes are busy)
srun: Job 1727083 step creation still disabled, retrying (Requested nodes are busy)
srun: Job 1727083 step creation still disabled, retrying (Requested nodes are busy)
srun: Job 1727083 step creation still disabled, retrying (Requested nodes are busy)
srun: Job 1727083 step creation still disabled, retrying (Requested nodes are busy)
srun: Job 1727083 step creation still disabled, retrying (Requested nodes are busy)
srun: Job 1727083 step creation still disabled, retrying (Requested nodes are busy)
srun: Job 1727083 step creation still disabled, retrying (Requested nodes are busy)
srun: Job 1727083 step creation still disabled, retrying (Requested nodes are busy)
srun: Job 1727083 step creation still disabled, retrying (Requested nodes are busy)
srun: Job 1727083 step creation still disabled, retrying (Requested nodes are busy)
srun: Job 1727083 step creation still disabled, retrying (Requested nodes are busy)
srun: Job 1727083 step creation still disabled, retrying (Requested nodes are busy)
srun: Job 1727083 step creation still disabled, retrying (Requested nodes are busy)
srun: Job 1727083 step creation still disabled, retrying (Requested nodes are busy)
srun: Job 1727083 step creation still disabled, retrying (Requested nodes are busy)
srun: Job 1727083 step creation still disabled, retrying (Requested nodes are busy)
srun: Job 1727083 step creation still disabled, retrying (Requested nodes are busy)
srun: Job 1727083 step creation still disabled, retrying (Requested nodes are busy)
srun: Job 1727083 step creation still disabled, retrying (Requested nodes are busy)
srun: Job 1727083 step creation still disabled, retrying (Requested nodes are busy)
srun: Job 1727083 step creation still disabled, retrying (Requested nodes are busy)
srun: Job 1727083 step creation still disabled, retrying (Requested nodes are busy)
srun: Job 1727083 step creation still disabled, retrying (Requested nodes are busy)
srun: Job 1727083 step creation still disabled, retrying (Requested nodes are busy)
srun: Job 1727083 step creation still disabled, retrying (Requested nodes are busy)
srun: Job 1727083 step creation still disabled, retrying (Requested nodes are busy)
srun: Job 1727083 step creation still disabled, retrying (Requested nodes are busy)
srun: Job 1727083 step creation still disabled, retrying (Requested nodes are busy)
srun: Job 1727083 step creation still disabled, retrying (Requested nodes are busy)
srun: Job 1727083 step creation still disabled, retrying (Requested nodes are busy)
srun: Job 1727083 step creation still disabled, retrying (Requested nodes are busy)
srun: Job 1727083 step creation still disabled, retrying (Requested nodes are busy)
srun: Job 1727083 step creation still disabled, retrying (Requested nodes are busy)
srun: Job 1727083 step creation still disabled, retrying (Requested nodes are busy)
srun: Job 1727083 step creation still disabled, retrying (Requested nodes are busy)
srun: Job 1727083 step creation still disabled, retrying (Requested nodes are busy)
srun: Job 1727083 step creation still disabled, retrying (Requested nodes are busy)
srun: Job 1727083 step creation still disabled, retrying (Requested nodes are busy)
srun: Job 1727083 step creation still disabled, retrying (Requested nodes are busy)
srun: Job 1727083 step creation still disabled, retrying (Requested nodes are busy)
srun: Job 1727083 step creation still disabled, retrying (Requested nodes are busy)
srun: Job 1727083 step creation still disabled, retrying (Requested nodes are busy)
srun: Job 1727083 step creation still disabled, retrying (Requested nodes are busy)
srun: Job 1727083 step creation still disabled, retrying (Requested nodes are busy)
srun: Job 1727083 step creation still disabled, retrying (Requested nodes are busy)
srun: Job 1727083 step creation still disabled, retrying (Requested nodes are busy)
srun: Job 1727083 step creation still disabled, retrying (Requested nodes are busy)
srun: Job 1727083 step creation still disabled, retrying (Requested nodes are busy)
srun: Job 1727083 step creation still disabled, retrying (Requested nodes are busy)
srun: Job 1727083 step creation still disabled, retrying (Requested nodes are busy)
srun: Job 1727083 step creation still disabled, retrying (Requested nodes are busy)
srun: Job 1727083 step creation still disabled, retrying (Requested nodes are busy)
srun: Job 1727083 step creation still disabled, retrying (Requested nodes are busy)
srun: Job 1727083 step creation still disabled, retrying (Requested nodes are busy)
srun: Job 1727083 step creation still disabled, retrying (Requested nodes are busy)
srun: Job 1727083 step creation still disabled, retrying (Requested nodes are busy)
srun: Job 1727083 step creation still disabled, retrying (Requested nodes are busy)
srun: Job 1727083 step creation still disabled, retrying (Requested nodes are busy)
srun: Job 1727083 step creation still disabled, retrying (Requested nodes are busy)
srun: Job 1727083 step creation still disabled, retrying (Requested nodes are busy)
srun: Job 1727083 step creation still disabled, retrying (Requested nodes are busy)
srun: Job 1727083 step creation still disabled, retrying (Requested nodes are busy)
srun: Job 1727083 step creation still disabled, retrying (Requested nodes are busy)
srun: Job 1727083 step creation still disabled, retrying (Requested nodes are busy)
srun: Job 1727083 step creation still disabled, retrying (Requested nodes are busy)
srun: Job 1727083 step creation still disabled, retrying (Requested nodes are busy)
srun: Job 1727083 step creation still disabled, retrying (Requested nodes are busy)
srun: Job 1727083 step creation still disabled, retrying (Requested nodes are busy)
srun: Job 1727083 step creation still disabled, retrying (Requested nodes are busy)
srun: Job 1727083 step creation still disabled, retrying (Requested nodes are busy)
srun: Job 1727083 step creation still disabled, retrying (Requested nodes are busy)
srun: Job 1727083 step creation still disabled, retrying (Requested nodes are busy)
srun: Job 1727083 step creation still disabled, retrying (Requested nodes are busy)
srun: Job 1727083 step creation still disabled, retrying (Requested nodes are busy)
srun: Step created for StepId=1727083.54
srun: Job 1727083 step creation still disabled, retrying (Requested nodes are busy)
srun: Job 1727083 step creation still disabled, retrying (Requested nodes are busy)
srun: Job 1727083 step creation still disabled, retrying (Requested nodes are busy)
srun: Job 1727083 step creation still disabled, retrying (Requested nodes are busy)
srun: Job 1727083 step creation still disabled, retrying (Requested nodes are busy)
srun: Job 1727083 step creation still disabled, retrying (Requested nodes are busy)
srun: Job 1727083 step creation still disabled, retrying (Requested nodes are busy)
srun: Job 1727083 step creation still disabled, retrying (Requested nodes are busy)
srun: Job 1727083 step creation still disabled, retrying (Requested nodes are busy)
srun: Job 1727083 step creation still disabled, retrying (Requested nodes are busy)
srun: Job 1727083 step creation still disabled, retrying (Requested nodes are busy)
srun: Job 1727083 step creation still disabled, retrying (Requested nodes are busy)
srun: Job 1727083 step creation still disabled, retrying (Requested nodes are busy)
srun: Job 1727083 step creation still disabled, retrying (Requested nodes are busy)
srun: Job 1727083 step creation still disabled, retrying (Requested nodes are busy)
srun: Job 1727083 step creation still disabled, retrying (Requested nodes are busy)
srun: Job 1727083 step creation still disabled, retrying (Requested nodes are busy)
srun: Job 1727083 step creation still disabled, retrying (Requested nodes are busy)
srun: Job 1727083 step creation still disabled, retrying (Requested nodes are busy)
srun: Job 1727083 step creation still disabled, retrying (Requested nodes are busy)
srun: Job 1727083 step creation still disabled, retrying (Requested nodes are busy)
srun: Job 1727083 step creation still disabled, retrying (Requested nodes are busy)
srun: Job 1727083 step creation still disabled, retrying (Requested nodes are busy)
srun: Job 1727083 step creation still disabled, retrying (Requested nodes are busy)
srun: Job 1727083 step creation still disabled, retrying (Requested nodes are busy)
srun: Job 1727083 step creation still disabled, retrying (Requested nodes are busy)
srun: Job 1727083 step creation still disabled, retrying (Requested nodes are busy)
srun: Job 1727083 step creation still disabled, retrying (Requested nodes are busy)
srun: Job 1727083 step creation still disabled, retrying (Requested nodes are busy)
srun: Job 1727083 step creation still disabled, retrying (Requested nodes are busy)
srun: Job 1727083 step creation still disabled, retrying (Requested nodes are busy)
srun: Job 1727083 step creation still disabled, retrying (Requested nodes are busy)
srun: Job 1727083 step creation still disabled, retrying (Requested nodes are busy)
srun: Job 1727083 step creation still disabled, retrying (Requested nodes are busy)
srun: Job 1727083 step creation still disabled, retrying (Requested nodes are busy)
srun: Job 1727083 step creation still disabled, retrying (Requested nodes are busy)
srun: Job 1727083 step creation still disabled, retrying (Requested nodes are busy)
srun: Job 1727083 step creation still disabled, retrying (Requested nodes are busy)
srun: Job 1727083 step creation still disabled, retrying (Requested nodes are busy)
srun: Job 1727083 step creation still disabled, retrying (Requested nodes are busy)
srun: Job 1727083 step creation still disabled, retrying (Requested nodes are busy)
srun: Job 1727083 step creation still disabled, retrying (Requested nodes are busy)
srun: Job 1727083 step creation still disabled, retrying (Requested nodes are busy)
srun: Job 1727083 step creation still disabled, retrying (Requested nodes are busy)
srun: Job 1727083 step creation still disabled, retrying (Requested nodes are busy)
srun: Job 1727083 step creation still disabled, retrying (Requested nodes are busy)
srun: Job 1727083 step creation still disabled, retrying (Requested nodes are busy)
srun: Job 1727083 step creation still disabled, retrying (Requested nodes are busy)
srun: Job 1727083 step creation still disabled, retrying (Requested nodes are busy)
srun: Job 1727083 step creation still disabled, retrying (Requested nodes are busy)
srun: Job 1727083 step creation still disabled, retrying (Requested nodes are busy)
srun: Job 1727083 step creation still disabled, retrying (Requested nodes are busy)
srun: Job 1727083 step creation still disabled, retrying (Requested nodes are busy)
srun: Job 1727083 step creation still disabled, retrying (Requested nodes are busy)
srun: Job 1727083 step creation still disabled, retrying (Requested nodes are busy)
srun: Job 1727083 step creation still disabled, retrying (Requested nodes are busy)
srun: Job 1727083 step creation still disabled, retrying (Requested nodes are busy)
srun: Job 1727083 step creation still disabled, retrying (Requested nodes are busy)
srun: Job 1727083 step creation still disabled, retrying (Requested nodes are busy)
srun: Job 1727083 step creation still disabled, retrying (Requested nodes are busy)
srun: Job 1727083 step creation still disabled, retrying (Requested nodes are busy)
srun: Job 1727083 step creation still disabled, retrying (Requested nodes are busy)
srun: Job 1727083 step creation still disabled, retrying (Requested nodes are busy)
srun: Job 1727083 step creation still disabled, retrying (Requested nodes are busy)
srun: Job 1727083 step creation still disabled, retrying (Requested nodes are busy)
srun: Job 1727083 step creation still disabled, retrying (Requested nodes are busy)
srun: Job 1727083 step creation still disabled, retrying (Requested nodes are busy)
srun: Job 1727083 step creation still disabled, retrying (Requested nodes are busy)
srun: Job 1727083 step creation still disabled, retrying (Requested nodes are busy)
srun: Job 1727083 step creation still disabled, retrying (Requested nodes are busy)
srun: Job 1727083 step creation still disabled, retrying (Requested nodes are busy)
srun: Job 1727083 step creation still disabled, retrying (Requested nodes are busy)
srun: Job 1727083 step creation still disabled, retrying (Requested nodes are busy)
srun: Job 1727083 step creation still disabled, retrying (Requested nodes are busy)
srun: Job 1727083 step creation still disabled, retrying (Requested nodes are busy)
srun: Job 1727083 step creation still disabled, retrying (Requested nodes are busy)
srun: Job 1727083 step creation still disabled, retrying (Requested nodes are busy)
srun: Job 1727083 step creation still disabled, retrying (Requested nodes are busy)
srun: Job 1727083 step creation still disabled, retrying (Requested nodes are busy)
srun: Job 1727083 step creation still disabled, retrying (Requested nodes are busy)
srun: Job 1727083 step creation still disabled, retrying (Requested nodes are busy)
srun: Job 1727083 step creation still disabled, retrying (Requested nodes are busy)
srun: Job 1727083 step creation still disabled, retrying (Requested nodes are busy)
srun: Job 1727083 step creation still disabled, retrying (Requested nodes are busy)
srun: Job 1727083 step creation still disabled, retrying (Requested nodes are busy)
srun: Job 1727083 step creation still disabled, retrying (Requested nodes are busy)
srun: Job 1727083 step creation still disabled, retrying (Requested nodes are busy)
srun: Job 1727083 step creation still disabled, retrying (Requested nodes are busy)
srun: Job 1727083 step creation still disabled, retrying (Requested nodes are busy)
srun: Job 1727083 step creation still disabled, retrying (Requested nodes are busy)
srun: Job 1727083 step creation still disabled, retrying (Requested nodes are busy)
srun: Job 1727083 step creation still disabled, retrying (Requested nodes are busy)
srun: Job 1727083 step creation still disabled, retrying (Requested nodes are busy)
srun: Job 1727083 step creation still disabled, retrying (Requested nodes are busy)
srun: Step created for StepId=1727083.55
srun: Job 1727083 step creation still disabled, retrying (Requested nodes are busy)
srun: Job 1727083 step creation still disabled, retrying (Requested nodes are busy)
srun: Job 1727083 step creation still disabled, retrying (Requested nodes are busy)
srun: error: slurm_receive_msgs: [[n1161.barnard.hpc.tu-dresden.de]:6818] failed: Socket timed out on send/recv operation
srun: error: Failure sending signal 0 to StepId=1727083.54 on node n1161: Communication connection failure
srun: Job 1727083 step creation still disabled, retrying (Requested nodes are busy)
srun: Job 1727083 step creation still disabled, retrying (Requested nodes are busy)
srun: Job 1727083 step creation still disabled, retrying (Requested nodes are busy)
srun: Job 1727083 step creation still disabled, retrying (Requested nodes are busy)
srun: Job 1727083 step creation still disabled, retrying (Requested nodes are busy)
srun: Job 1727083 step creation still disabled, retrying (Requested nodes are busy)
srun: Job 1727083 step creation still disabled, retrying (Requested nodes are busy)
srun: Job 1727083 step creation still disabled, retrying (Requested nodes are busy)
srun: Job 1727083 step creation still disabled, retrying (Requested nodes are busy)
srun: Job 1727083 step creation still disabled, retrying (Requested nodes are busy)
srun: Job 1727083 step creation still disabled, retrying (Requested nodes are busy)
srun: Step created for StepId=1727083.56
srun: Job 1727083 step creation still disabled, retrying (Requested nodes are busy)
srun: Job 1727083 step creation still disabled, retrying (Requested nodes are busy)
srun: Job 1727083 step creation still disabled, retrying (Requested nodes are busy)
srun: Job 1727083 step creation still disabled, retrying (Requested nodes are busy)
srun: Job 1727083 step creation still disabled, retrying (Requested nodes are busy)
srun: Job 1727083 step creation still disabled, retrying (Requested nodes are busy)
srun: Job 1727083 step creation still disabled, retrying (Requested nodes are busy)
srun: Job 1727083 step creation still disabled, retrying (Requested nodes are busy)
srun: Job 1727083 step creation still disabled, retrying (Requested nodes are busy)
srun: Job 1727083 step creation still disabled, retrying (Requested nodes are busy)
srun: Job 1727083 step creation still disabled, retrying (Requested nodes are busy)
srun: Job 1727083 step creation still disabled, retrying (Requested nodes are busy)
srun: Job 1727083 step creation still disabled, retrying (Requested nodes are busy)
srun: Job 1727083 step creation still disabled, retrying (Requested nodes are busy)
srun: Job 1727083 step creation still disabled, retrying (Requested nodes are busy)
srun: Job 1727083 step creation still disabled, retrying (Requested nodes are busy)
srun: Job 1727083 step creation still disabled, retrying (Requested nodes are busy)
srun: Job 1727083 step creation still disabled, retrying (Requested nodes are busy)
srun: Job 1727083 step creation still disabled, retrying (Requested nodes are busy)
srun: error: slurm_receive_msgs: [[n1179.barnard.hpc.tu-dresden.de]:6818] failed: Socket timed out on send/recv operation
srun: error: Failure sending signal 0 to StepId=1727083.56 on node n1179: Communication connection failure
srun: Job 1727083 step creation still disabled, retrying (Requested nodes are busy)
srun: Job 1727083 step creation still disabled, retrying (Requested nodes are busy)
srun: Job 1727083 step creation still disabled, retrying (Requested nodes are busy)
srun: Job 1727083 step creation still disabled, retrying (Requested nodes are busy)
srun: Job 1727083 step creation still disabled, retrying (Requested nodes are busy)
srun: Job 1727083 step creation still disabled, retrying (Requested nodes are busy)
srun: Job 1727083 step creation still disabled, retrying (Requested nodes are busy)
srun: Job 1727083 step creation still disabled, retrying (Requested nodes are busy)
srun: Job 1727083 step creation still disabled, retrying (Requested nodes are busy)
srun: Job 1727083 step creation still disabled, retrying (Requested nodes are busy)
srun: Job 1727083 step creation still disabled, retrying (Requested nodes are busy)
srun: Job 1727083 step creation still disabled, retrying (Requested nodes are busy)
srun: Job 1727083 step creation still disabled, retrying (Requested nodes are busy)
srun: Job 1727083 step creation still disabled, retrying (Requested nodes are busy)
srun: Job 1727083 step creation still disabled, retrying (Requested nodes are busy)
srun: Job 1727083 step creation still disabled, retrying (Requested nodes are busy)
srun: Job 1727083 step creation still disabled, retrying (Requested nodes are busy)
srun: Job 1727083 step creation still disabled, retrying (Requested nodes are busy)
srun: Job 1727083 step creation still disabled, retrying (Requested nodes are busy)
srun: Job 1727083 step creation still disabled, retrying (Requested nodes are busy)
srun: Job 1727083 step creation still disabled, retrying (Requested nodes are busy)
srun: Job 1727083 step creation still disabled, retrying (Requested nodes are busy)
srun: Job 1727083 step creation still disabled, retrying (Requested nodes are busy)
srun: Job 1727083 step creation still disabled, retrying (Requested nodes are busy)
srun: Job 1727083 step creation still disabled, retrying (Requested nodes are busy)
srun: Job 1727083 step creation still disabled, retrying (Requested nodes are busy)
srun: Job 1727083 step creation still disabled, retrying (Requested nodes are busy)
srun: Job 1727083 step creation still disabled, retrying (Requested nodes are busy)
srun: Job 1727083 step creation still disabled, retrying (Requested nodes are busy)
srun: Job 1727083 step creation still disabled, retrying (Requested nodes are busy)
srun: Job 1727083 step creation still disabled, retrying (Requested nodes are busy)
srun: Job 1727083 step creation still disabled, retrying (Requested nodes are busy)
srun: Job 1727083 step creation still disabled, retrying (Requested nodes are busy)
srun: Job 1727083 step creation still disabled, retrying (Requested nodes are busy)
srun: Job 1727083 step creation still disabled, retrying (Requested nodes are busy)
srun: Job 1727083 step creation still disabled, retrying (Requested nodes are busy)
srun: Job 1727083 step creation still disabled, retrying (Requested nodes are busy)
srun: Job 1727083 step creation still disabled, retrying (Requested nodes are busy)
srun: Job 1727083 step creation still disabled, retrying (Requested nodes are busy)
srun: Job 1727083 step creation still disabled, retrying (Requested nodes are busy)
srun: Job 1727083 step creation still disabled, retrying (Requested nodes are busy)
srun: Job 1727083 step creation still disabled, retrying (Requested nodes are busy)
srun: Job 1727083 step creation still disabled, retrying (Requested nodes are busy)
srun: Job 1727083 step creation still disabled, retrying (Requested nodes are busy)
srun: Job 1727083 step creation still disabled, retrying (Requested nodes are busy)
srun: Job 1727083 step creation still disabled, retrying (Requested nodes are busy)
srun: Job 1727083 step creation still disabled, retrying (Requested nodes are busy)
srun: Job 1727083 step creation still disabled, retrying (Requested nodes are busy)
srun: Job 1727083 step creation still disabled, retrying (Requested nodes are busy)
srun: Job 1727083 step creation still disabled, retrying (Requested nodes are busy)
srun: Job 1727083 step creation still disabled, retrying (Requested nodes are busy)
srun: Job 1727083 step creation still disabled, retrying (Requested nodes are busy)
srun: Job 1727083 step creation still disabled, retrying (Requested nodes are busy)
srun: Job 1727083 step creation still disabled, retrying (Requested nodes are busy)
srun: Job 1727083 step creation still disabled, retrying (Requested nodes are busy)
srun: Job 1727083 step creation still disabled, retrying (Requested nodes are busy)
srun: Job 1727083 step creation still disabled, retrying (Requested nodes are busy)
srun: Job 1727083 step creation still disabled, retrying (Requested nodes are busy)
srun: Job 1727083 step creation still disabled, retrying (Requested nodes are busy)
srun: Job 1727083 step creation still disabled, retrying (Requested nodes are busy)
srun: Job 1727083 step creation still disabled, retrying (Requested nodes are busy)
srun: Job 1727083 step creation still disabled, retrying (Requested nodes are busy)
srun: Job 1727083 step creation still disabled, retrying (Requested nodes are busy)
srun: Job 1727083 step creation still disabled, retrying (Requested nodes are busy)
srun: Job 1727083 step creation still disabled, retrying (Requested nodes are busy)
srun: Job 1727083 step creation still disabled, retrying (Requested nodes are busy)
srun: Job 1727083 step creation still disabled, retrying (Requested nodes are busy)
srun: Job 1727083 step creation still disabled, retrying (Requested nodes are busy)
srun: Job 1727083 step creation still disabled, retrying (Requested nodes are busy)
srun: Job 1727083 step creation still disabled, retrying (Requested nodes are busy)
srun: Job 1727083 step creation still disabled, retrying (Requested nodes are busy)
srun: Job 1727083 step creation still disabled, retrying (Requested nodes are busy)
srun: Job 1727083 step creation still disabled, retrying (Requested nodes are busy)
srun: Job 1727083 step creation still disabled, retrying (Requested nodes are busy)
srun: Job 1727083 step creation still disabled, retrying (Requested nodes are busy)
srun: Job 1727083 step creation still disabled, retrying (Requested nodes are busy)
srun: Job 1727083 step creation still disabled, retrying (Requested nodes are busy)
srun: Job 1727083 step creation still disabled, retrying (Requested nodes are busy)
srun: Job 1727083 step creation still disabled, retrying (Requested nodes are busy)
srun: Job 1727083 step creation still disabled, retrying (Requested nodes are busy)
srun: Job 1727083 step creation still disabled, retrying (Requested nodes are busy)
srun: Job 1727083 step creation still disabled, retrying (Requested nodes are busy)
srun: Job 1727083 step creation still disabled, retrying (Requested nodes are busy)
srun: Job 1727083 step creation still disabled, retrying (Requested nodes are busy)
srun: Job 1727083 step creation still disabled, retrying (Requested nodes are busy)
srun: Job 1727083 step creation still disabled, retrying (Requested nodes are busy)
srun: Job 1727083 step creation still disabled, retrying (Requested nodes are busy)
srun: Job 1727083 step creation still disabled, retrying (Requested nodes are busy)
srun: Job 1727083 step creation still disabled, retrying (Requested nodes are busy)
srun: Job 1727083 step creation still disabled, retrying (Requested nodes are busy)
srun: Job 1727083 step creation still disabled, retrying (Requested nodes are busy)
srun: Job 1727083 step creation still disabled, retrying (Requested nodes are busy)
srun: Job 1727083 step creation still disabled, retrying (Requested nodes are busy)
srun: Step created for StepId=1727083.57
srun: Job 1727083 step creation still disabled, retrying (Requested nodes are busy)
srun: Job 1727083 step creation still disabled, retrying (Requested nodes are busy)
srun: Job 1727083 step creation still disabled, retrying (Requested nodes are busy)
srun: Job 1727083 step creation still disabled, retrying (Requested nodes are busy)
srun: Job 1727083 step creation still disabled, retrying (Requested nodes are busy)
srun: Job 1727083 step creation still disabled, retrying (Requested nodes are busy)
srun: Job 1727083 step creation still disabled, retrying (Requested nodes are busy)
srun: Job 1727083 step creation still disabled, retrying (Requested nodes are busy)
srun: Job 1727083 step creation still disabled, retrying (Requested nodes are busy)
srun: Job 1727083 step creation still disabled, retrying (Requested nodes are busy)
srun: Job 1727083 step creation still disabled, retrying (Requested nodes are busy)
srun: Job 1727083 step creation still disabled, retrying (Requested nodes are busy)
srun: Job 1727083 step creation still disabled, retrying (Requested nodes are busy)
srun: Job 1727083 step creation still disabled, retrying (Requested nodes are busy)
srun: Job 1727083 step creation still disabled, retrying (Requested nodes are busy)
srun: Job 1727083 step creation still disabled, retrying (Requested nodes are busy)
srun: Job 1727083 step creation still disabled, retrying (Requested nodes are busy)
srun: error: slurm_receive_msgs: [[n1161.barnard.hpc.tu-dresden.de]:6818] failed: Socket timed out on send/recv operation
srun: error: Failure sending signal 0 to StepId=1727083.57 on node n1161: Communication connection failure
srun: Job 1727083 step creation still disabled, retrying (Requested nodes are busy)
srun: Job 1727083 step creation still disabled, retrying (Requested nodes are busy)
srun: Job 1727083 step creation still disabled, retrying (Requested nodes are busy)
srun: Job 1727083 step creation still disabled, retrying (Requested nodes are busy)
srun: Job 1727083 step creation still disabled, retrying (Requested nodes are busy)
srun: Job 1727083 step creation still disabled, retrying (Requested nodes are busy)
srun: Job 1727083 step creation still disabled, retrying (Requested nodes are busy)
srun: Job 1727083 step creation still disabled, retrying (Requested nodes are busy)
srun: Step created for StepId=1727083.58
srun: Job 1727083 step creation still disabled, retrying (Requested nodes are busy)
srun: Job 1727083 step creation still disabled, retrying (Requested nodes are busy)
srun: Job 1727083 step creation still disabled, retrying (Requested nodes are busy)
srun: Job 1727083 step creation still disabled, retrying (Requested nodes are busy)
srun: Step created for StepId=1727083.59
srun: Job 1727083 step creation temporarily disabled, retrying (Requested nodes are busy)
srun: Job 1727083 step creation temporarily disabled, retrying (Requested nodes are busy)
srun: Job 1727083 step creation temporarily disabled, retrying (Requested nodes are busy)
srun: Job 1727083 step creation temporarily disabled, retrying (Requested nodes are busy)
srun: Job 1727083 step creation temporarily disabled, retrying (Requested nodes are busy)
srun: Job 1727083 step creation temporarily disabled, retrying (Requested nodes are busy)
srun: Job 1727083 step creation temporarily disabled, retrying (Requested nodes are busy)
srun: Job 1727083 step creation temporarily disabled, retrying (Requested nodes are busy)
srun: Step created for StepId=1727083.61
srun: Job 1727083 step creation temporarily disabled, retrying (Requested nodes are busy)
srun: Job 1727083 step creation still disabled, retrying (Requested nodes are busy)
srun: Job 1727083 step creation still disabled, retrying (Requested nodes are busy)
srun: Job 1727083 step creation still disabled, retrying (Requested nodes are busy)
srun: Job 1727083 step creation still disabled, retrying (Requested nodes are busy)
srun: Job 1727083 step creation still disabled, retrying (Requested nodes are busy)
srun: Job 1727083 step creation still disabled, retrying (Requested nodes are busy)
srun: Step created for StepId=1727083.62
srun: Job 1727083 step creation still disabled, retrying (Requested nodes are busy)
srun: Job 1727083 step creation still disabled, retrying (Requested nodes are busy)
srun: Job 1727083 step creation still disabled, retrying (Requested nodes are busy)
srun: Job 1727083 step creation still disabled, retrying (Requested nodes are busy)
srun: Job 1727083 step creation still disabled, retrying (Requested nodes are busy)
srun: Job 1727083 step creation still disabled, retrying (Requested nodes are busy)
srun: Job 1727083 step creation still disabled, retrying (Requested nodes are busy)
srun: Step created for StepId=1727083.63
srun: Job 1727083 step creation still disabled, retrying (Requested nodes are busy)
srun: Job 1727083 step creation still disabled, retrying (Requested nodes are busy)
srun: Job 1727083 step creation still disabled, retrying (Requested nodes are busy)
srun: Job 1727083 step creation still disabled, retrying (Requested nodes are busy)
srun: Job 1727083 step creation still disabled, retrying (Requested nodes are busy)
srun: Job 1727083 step creation still disabled, retrying (Requested nodes are busy)
srun: Step created for StepId=1727083.64
srun: Job 1727083 step creation still disabled, retrying (Requested nodes are busy)
srun: Job 1727083 step creation still disabled, retrying (Requested nodes are busy)
srun: Job 1727083 step creation still disabled, retrying (Requested nodes are busy)
srun: Job 1727083 step creation still disabled, retrying (Requested nodes are busy)
srun: Job 1727083 step creation still disabled, retrying (Requested nodes are busy)
srun: Job 1727083 step creation still disabled, retrying (Requested nodes are busy)
srun: Step created for StepId=1727083.65
srun: Job 1727083 step creation still disabled, retrying (Requested nodes are busy)
srun: Job 1727083 step creation still disabled, retrying (Requested nodes are busy)
srun: Job 1727083 step creation still disabled, retrying (Requested nodes are busy)
srun: Job 1727083 step creation still disabled, retrying (Requested nodes are busy)
srun: Step created for StepId=1727083.66
srun: Job 1727083 step creation still disabled, retrying (Requested nodes are busy)
srun: Job 1727083 step creation still disabled, retrying (Requested nodes are busy)
srun: Job 1727083 step creation still disabled, retrying (Requested nodes are busy)
srun: Step created for StepId=1727083.67
srun: Job 1727083 step creation still disabled, retrying (Requested nodes are busy)
srun: Job 1727083 step creation still disabled, retrying (Requested nodes are busy)
srun: Step created for StepId=1727083.68
srun: Job 1727083 step creation still disabled, retrying (Requested nodes are busy)
srun: Step created for StepId=1727083.69
srun: Job 1727083 step creation temporarily disabled, retrying (Requested nodes are busy)
srun: Job 1727083 step creation temporarily disabled, retrying (Requested nodes are busy)
srun: Job 1727083 step creation temporarily disabled, retrying (Requested nodes are busy)
srun: Job 1727083 step creation temporarily disabled, retrying (Requested nodes are busy)
srun: Job 1727083 step creation temporarily disabled, retrying (Requested nodes are busy)
srun: Job 1727083 step creation temporarily disabled, retrying (Requested nodes are busy)
srun: Job 1727083 step creation temporarily disabled, retrying (Requested nodes are busy)
srun: Job 1727083 step creation temporarily disabled, retrying (Requested nodes are busy)
srun: Job 1727083 step creation temporarily disabled, retrying (Requested nodes are busy)
srun: Job 1727083 step creation still disabled, retrying (Requested nodes are busy)
srun: Job 1727083 step creation still disabled, retrying (Requested nodes are busy)
srun: Job 1727083 step creation still disabled, retrying (Requested nodes are busy)
srun: Job 1727083 step creation still disabled, retrying (Requested nodes are busy)
srun: Job 1727083 step creation still disabled, retrying (Requested nodes are busy)
srun: Job 1727083 step creation still disabled, retrying (Requested nodes are busy)
srun: Job 1727083 step creation still disabled, retrying (Requested nodes are busy)
srun: Job 1727083 step creation still disabled, retrying (Requested nodes are busy)
srun: Step created for StepId=1727083.71
srun: Job 1727083 step creation still disabled, retrying (Requested nodes are busy)
srun: Job 1727083 step creation still disabled, retrying (Requested nodes are busy)
srun: Job 1727083 step creation still disabled, retrying (Requested nodes are busy)
srun: Job 1727083 step creation still disabled, retrying (Requested nodes are busy)
srun: Job 1727083 step creation still disabled, retrying (Requested nodes are busy)
srun: Job 1727083 step creation still disabled, retrying (Requested nodes are busy)
srun: Job 1727083 step creation still disabled, retrying (Requested nodes are busy)
srun: Job 1727083 step creation still disabled, retrying (Requested nodes are busy)
srun: Job 1727083 step creation still disabled, retrying (Requested nodes are busy)
srun: Job 1727083 step creation still disabled, retrying (Requested nodes are busy)
srun: Job 1727083 step creation still disabled, retrying (Requested nodes are busy)
srun: Job 1727083 step creation still disabled, retrying (Requested nodes are busy)
srun: Job 1727083 step creation still disabled, retrying (Requested nodes are busy)
srun: Job 1727083 step creation still disabled, retrying (Requested nodes are busy)
srun: Job 1727083 step creation still disabled, retrying (Requested nodes are busy)
srun: Job 1727083 step creation still disabled, retrying (Requested nodes are busy)
srun: Job 1727083 step creation still disabled, retrying (Requested nodes are busy)
srun: Step created for StepId=1727083.72
srun: Job 1727083 step creation still disabled, retrying (Requested nodes are busy)
srun: Job 1727083 step creation still disabled, retrying (Requested nodes are busy)
srun: Job 1727083 step creation still disabled, retrying (Requested nodes are busy)
srun: Job 1727083 step creation still disabled, retrying (Requested nodes are busy)
srun: Job 1727083 step creation still disabled, retrying (Requested nodes are busy)
srun: Job 1727083 step creation still disabled, retrying (Requested nodes are busy)
srun: Job 1727083 step creation still disabled, retrying (Requested nodes are busy)
srun: Job 1727083 step creation still disabled, retrying (Requested nodes are busy)
srun: Job 1727083 step creation still disabled, retrying (Requested nodes are busy)
srun: Job 1727083 step creation still disabled, retrying (Requested nodes are busy)
srun: Job 1727083 step creation still disabled, retrying (Requested nodes are busy)
srun: Job 1727083 step creation still disabled, retrying (Requested nodes are busy)
srun: Job 1727083 step creation still disabled, retrying (Requested nodes are busy)
srun: Job 1727083 step creation still disabled, retrying (Requested nodes are busy)
srun: Job 1727083 step creation still disabled, retrying (Requested nodes are busy)
srun: Job 1727083 step creation still disabled, retrying (Requested nodes are busy)
srun: Job 1727083 step creation still disabled, retrying (Requested nodes are busy)
srun: Job 1727083 step creation still disabled, retrying (Requested nodes are busy)
srun: Job 1727083 step creation still disabled, retrying (Requested nodes are busy)
srun: Job 1727083 step creation still disabled, retrying (Requested nodes are busy)
srun: Job 1727083 step creation still disabled, retrying (Requested nodes are busy)
srun: Job 1727083 step creation still disabled, retrying (Requested nodes are busy)
srun: Job 1727083 step creation still disabled, retrying (Requested nodes are busy)
srun: Job 1727083 step creation still disabled, retrying (Requested nodes are busy)
srun: Step created for StepId=1727083.73
srun: Job 1727083 step creation still disabled, retrying (Requested nodes are busy)
srun: Job 1727083 step creation still disabled, retrying (Requested nodes are busy)
srun: Job 1727083 step creation still disabled, retrying (Requested nodes are busy)
srun: Job 1727083 step creation still disabled, retrying (Requested nodes are busy)
srun: Job 1727083 step creation still disabled, retrying (Requested nodes are busy)
srun: Job 1727083 step creation still disabled, retrying (Requested nodes are busy)
srun: Job 1727083 step creation still disabled, retrying (Requested nodes are busy)
srun: Job 1727083 step creation still disabled, retrying (Requested nodes are busy)
srun: Job 1727083 step creation still disabled, retrying (Requested nodes are busy)
srun: Job 1727083 step creation still disabled, retrying (Requested nodes are busy)
srun: Job 1727083 step creation still disabled, retrying (Requested nodes are busy)
srun: Job 1727083 step creation still disabled, retrying (Requested nodes are busy)
srun: Job 1727083 step creation still disabled, retrying (Requested nodes are busy)
srun: Job 1727083 step creation still disabled, retrying (Requested nodes are busy)
srun: Job 1727083 step creation still disabled, retrying (Requested nodes are busy)
srun: Step created for StepId=1727083.74
srun: Job 1727083 step creation still disabled, retrying (Requested nodes are busy)
srun: Job 1727083 step creation still disabled, retrying (Requested nodes are busy)
srun: Job 1727083 step creation still disabled, retrying (Requested nodes are busy)
srun: Job 1727083 step creation still disabled, retrying (Requested nodes are busy)
srun: Job 1727083 step creation still disabled, retrying (Requested nodes are busy)
srun: Job 1727083 step creation still disabled, retrying (Requested nodes are busy)
srun: Job 1727083 step creation still disabled, retrying (Requested nodes are busy)
srun: Job 1727083 step creation still disabled, retrying (Requested nodes are busy)
srun: Job 1727083 step creation still disabled, retrying (Requested nodes are busy)
srun: Job 1727083 step creation still disabled, retrying (Requested nodes are busy)
srun: Job 1727083 step creation still disabled, retrying (Requested nodes are busy)
srun: Job 1727083 step creation still disabled, retrying (Requested nodes are busy)
srun: Job 1727083 step creation still disabled, retrying (Requested nodes are busy)
srun: Job 1727083 step creation still disabled, retrying (Requested nodes are busy)
srun: Job 1727083 step creation still disabled, retrying (Requested nodes are busy)
srun: Step created for StepId=1727083.75
srun: Job 1727083 step creation still disabled, retrying (Requested nodes are busy)
srun: Job 1727083 step creation still disabled, retrying (Requested nodes are busy)
srun: Job 1727083 step creation still disabled, retrying (Requested nodes are busy)
srun: Job 1727083 step creation still disabled, retrying (Requested nodes are busy)
srun: Job 1727083 step creation still disabled, retrying (Requested nodes are busy)
srun: Job 1727083 step creation still disabled, retrying (Requested nodes are busy)
srun: Job 1727083 step creation still disabled, retrying (Requested nodes are busy)
srun: Job 1727083 step creation still disabled, retrying (Requested nodes are busy)
srun: Job 1727083 step creation still disabled, retrying (Requested nodes are busy)
srun: Job 1727083 step creation still disabled, retrying (Requested nodes are busy)
srun: Job 1727083 step creation still disabled, retrying (Requested nodes are busy)
srun: Job 1727083 step creation still disabled, retrying (Requested nodes are busy)
srun: Step created for StepId=1727083.76
srun: Job 1727083 step creation still disabled, retrying (Requested nodes are busy)
srun: Job 1727083 step creation still disabled, retrying (Requested nodes are busy)
srun: Job 1727083 step creation still disabled, retrying (Requested nodes are busy)
srun: Job 1727083 step creation still disabled, retrying (Requested nodes are busy)
srun: Job 1727083 step creation still disabled, retrying (Requested nodes are busy)
srun: Job 1727083 step creation still disabled, retrying (Requested nodes are busy)
srun: Job 1727083 step creation still disabled, retrying (Requested nodes are busy)
srun: Job 1727083 step creation still disabled, retrying (Requested nodes are busy)
srun: Job 1727083 step creation still disabled, retrying (Requested nodes are busy)
srun: Job 1727083 step creation still disabled, retrying (Requested nodes are busy)
srun: Step created for StepId=1727083.77
srun: Job 1727083 step creation still disabled, retrying (Requested nodes are busy)
srun: Job 1727083 step creation still disabled, retrying (Requested nodes are busy)
srun: Job 1727083 step creation still disabled, retrying (Requested nodes are busy)
srun: Job 1727083 step creation still disabled, retrying (Requested nodes are busy)
srun: Job 1727083 step creation still disabled, retrying (Requested nodes are busy)
srun: Job 1727083 step creation still disabled, retrying (Requested nodes are busy)
srun: Step created for StepId=1727083.78
srun: Job 1727083 step creation still disabled, retrying (Requested nodes are busy)
srun: Job 1727083 step creation still disabled, retrying (Requested nodes are busy)
srun: Job 1727083 step creation still disabled, retrying (Requested nodes are busy)
srun: Step created for StepId=1727083.79
srun: Job 1727083 step creation temporarily disabled, retrying (Requested nodes are busy)
srun: Job 1727083 step creation temporarily disabled, retrying (Requested nodes are busy)
srun: Job 1727083 step creation temporarily disabled, retrying (Requested nodes are busy)
srun: Job 1727083 step creation temporarily disabled, retrying (Requested nodes are busy)
srun: Job 1727083 step creation temporarily disabled, retrying (Requested nodes are busy)
srun: Job 1727083 step creation temporarily disabled, retrying (Requested nodes are busy)
srun: Job 1727083 step creation temporarily disabled, retrying (Requested nodes are busy)
srun: Job 1727083 step creation temporarily disabled, retrying (Requested nodes are busy)
srun: Job 1727083 step creation temporarily disabled, retrying (Requested nodes are busy)
srun: Job 1727083 step creation still disabled, retrying (Requested nodes are busy)
srun: Job 1727083 step creation still disabled, retrying (Requested nodes are busy)
srun: Job 1727083 step creation still disabled, retrying (Requested nodes are busy)
srun: Job 1727083 step creation still disabled, retrying (Requested nodes are busy)
srun: Job 1727083 step creation still disabled, retrying (Requested nodes are busy)
srun: Job 1727083 step creation still disabled, retrying (Requested nodes are busy)
srun: Job 1727083 step creation still disabled, retrying (Requested nodes are busy)
srun: Job 1727083 step creation still disabled, retrying (Requested nodes are busy)
srun: Job 1727083 step creation still disabled, retrying (Requested nodes are busy)
srun: Job 1727083 step creation still disabled, retrying (Requested nodes are busy)
srun: Job 1727083 step creation still disabled, retrying (Requested nodes are busy)
srun: Job 1727083 step creation still disabled, retrying (Requested nodes are busy)
srun: Job 1727083 step creation still disabled, retrying (Requested nodes are busy)
srun: Job 1727083 step creation still disabled, retrying (Requested nodes are busy)
srun: Job 1727083 step creation still disabled, retrying (Requested nodes are busy)
srun: Job 1727083 step creation still disabled, retrying (Requested nodes are busy)
srun: Job 1727083 step creation still disabled, retrying (Requested nodes are busy)
srun: Job 1727083 step creation still disabled, retrying (Requested nodes are busy)
srun: Job 1727083 step creation still disabled, retrying (Requested nodes are busy)
srun: Job 1727083 step creation still disabled, retrying (Requested nodes are busy)
srun: Job 1727083 step creation still disabled, retrying (Requested nodes are busy)
srun: Job 1727083 step creation still disabled, retrying (Requested nodes are busy)
srun: Job 1727083 step creation still disabled, retrying (Requested nodes are busy)
srun: Job 1727083 step creation still disabled, retrying (Requested nodes are busy)
srun: Job 1727083 step creation still disabled, retrying (Requested nodes are busy)
srun: Job 1727083 step creation still disabled, retrying (Requested nodes are busy)
srun: Job 1727083 step creation still disabled, retrying (Requested nodes are busy)
srun: Job 1727083 step creation still disabled, retrying (Requested nodes are busy)
srun: Job 1727083 step creation still disabled, retrying (Requested nodes are busy)
srun: Job 1727083 step creation still disabled, retrying (Requested nodes are busy)
srun: Job 1727083 step creation still disabled, retrying (Requested nodes are busy)
srun: Job 1727083 step creation still disabled, retrying (Requested nodes are busy)
srun: Job 1727083 step creation still disabled, retrying (Requested nodes are busy)
srun: Job 1727083 step creation still disabled, retrying (Requested nodes are busy)
srun: Job 1727083 step creation still disabled, retrying (Requested nodes are busy)
srun: Job 1727083 step creation still disabled, retrying (Requested nodes are busy)
srun: Job 1727083 step creation still disabled, retrying (Requested nodes are busy)
srun: Job 1727083 step creation still disabled, retrying (Requested nodes are busy)
srun: Job 1727083 step creation still disabled, retrying (Requested nodes are busy)
srun: Job 1727083 step creation still disabled, retrying (Requested nodes are busy)
srun: Job 1727083 step creation still disabled, retrying (Requested nodes are busy)
srun: Job 1727083 step creation still disabled, retrying (Requested nodes are busy)
srun: Job 1727083 step creation still disabled, retrying (Requested nodes are busy)
srun: Job 1727083 step creation still disabled, retrying (Requested nodes are busy)
srun: Job 1727083 step creation still disabled, retrying (Requested nodes are busy)
srun: Job 1727083 step creation still disabled, retrying (Requested nodes are busy)
srun: Job 1727083 step creation still disabled, retrying (Requested nodes are busy)
srun: Job 1727083 step creation still disabled, retrying (Requested nodes are busy)
srun: Job 1727083 step creation still disabled, retrying (Requested nodes are busy)
srun: Job 1727083 step creation still disabled, retrying (Requested nodes are busy)
srun: Job 1727083 step creation still disabled, retrying (Requested nodes are busy)
srun: Job 1727083 step creation still disabled, retrying (Requested nodes are busy)
srun: Job 1727083 step creation still disabled, retrying (Requested nodes are busy)
srun: Job 1727083 step creation still disabled, retrying (Requested nodes are busy)
srun: Job 1727083 step creation still disabled, retrying (Requested nodes are busy)
srun: Job 1727083 step creation still disabled, retrying (Requested nodes are busy)
srun: Job 1727083 step creation still disabled, retrying (Requested nodes are busy)
srun: Job 1727083 step creation still disabled, retrying (Requested nodes are busy)
srun: Job 1727083 step creation still disabled, retrying (Requested nodes are busy)
srun: Job 1727083 step creation still disabled, retrying (Requested nodes are busy)
srun: Job 1727083 step creation still disabled, retrying (Requested nodes are busy)
srun: Job 1727083 step creation still disabled, retrying (Requested nodes are busy)
srun: Job 1727083 step creation still disabled, retrying (Requested nodes are busy)
srun: Job 1727083 step creation still disabled, retrying (Requested nodes are busy)
srun: Job 1727083 step creation still disabled, retrying (Requested nodes are busy)
srun: Job 1727083 step creation still disabled, retrying (Requested nodes are busy)
srun: Job 1727083 step creation still disabled, retrying (Requested nodes are busy)
srun: Job 1727083 step creation still disabled, retrying (Requested nodes are busy)
srun: Job 1727083 step creation still disabled, retrying (Requested nodes are busy)
srun: Job 1727083 step creation still disabled, retrying (Requested nodes are busy)
srun: Job 1727083 step creation still disabled, retrying (Requested nodes are busy)
srun: Job 1727083 step creation still disabled, retrying (Requested nodes are busy)
srun: Job step aborted: Waiting up to 32 seconds for job step to finish.
srun: error: Unable to create step for job 1727083: Job/step already completing or completed
srun: error: Unable to create step for job 1727083: Job/step already completing or completed
srun: error: Unable to create step for job 1727083: Job/step already completing or completed
srun: error: Unable to create step for job 1727083: Job/step already completing or completed
srun: error: Unable to create step for job 1727083: Job/step already completing or completed
srun: error: Unable to create step for job 1727083: Job/step already completing or completed
srun: error: Unable to create step for job 1727083: Job/step already completing or completed
srun: error: Unable to create step for job 1727083: Job/step already completing or completed
srun: error: Unable to create step for job 1727083: Job/step already completing or completed
slurmstepd: error: *** JOB 1727083 ON n1161 CANCELLED AT 2024-01-03T01:17:47 ***
slurmstepd: error: *** STEP 1727083.80 ON n1161 CANCELLED AT 2024-01-03T01:17:47 ***
